<?xml version="1.0" encoding="UTF-8"?>
<!-- Generated by org.testng.reporters.JUnitReportReporter -->
<testsuite hostname="MuguSurfaceBook" failures="0" tests="1" name="clould.samplecodeforClould.AppTest" time="0.013" errors="0" timestamp="2024-10-12T22:28:19 IST" skipped="0">
  <testcase classname="clould.samplecodeforClould.AppTest" name="testApp" time="0.013"/>
  <system-out/>
</testsuite> <!-- clould.samplecodeforClould.AppTest -->
